============================= test session starts ==============================
platform linux -- Python 3.12.3, pytest-9.0.3, pluggy-1.6.0
rootdir: /home/aleksei/rum-new/rumor-walk-simulation
configfile: pytest.ini
plugins: anyio-4.13.0, dash-4.1.0, hydra-core-1.3.2, cov-7.1.0
collected 189 items

tests/test_agent.py ........................                             [ 12%]
tests/test_dashboard.py .......................                          [ 24%]
tests/test_graph.py ......................                               [ 36%]
tests/test_interaction_model.py .....................................    [ 56%]
tests/test_main.py .......................                               [ 68%]
tests/test_phase_analyzer.py ............................                [ 83%]
tests/test_simulator.py ...............................F                 [100%]

=================================== FAILURES ===================================
_______ TestResetMultipleTimes.test_reset_multiple_times_works_correctly _______

self = <test_simulator.TestResetMultipleTimes object at 0x75bb37933830>

    def test_reset_multiple_times_works_correctly(self):
        sim = make_simulator(n_agents=3, spreader_index=0, seed=42)
    
        sim.run()
        first_run_stats_length = len(sim.stats)
        sim.reset()
        sim.run()
        second_run_stats_length = len(sim.stats)
    
>       assert first_run_stats_length == second_run_stats_length
E       assert 30 == 6

tests/test_simulator.py:302: AssertionError
================================ tests coverage ================================
_______________ coverage: platform linux, python 3.12.3-final-0 ________________

Name                              Stmts   Miss  Cover   Missing
---------------------------------------------------------------
agent.py                             26      0   100%
config/config.py                     18      0   100%
dashboard.py                         45      0   100%
graph.py                             34      1    97%   47
interaction_model.py                 59      0   100%
main.py                              54      8    85%   133-139, 143
phase_analyzer.py                    42      0   100%
simulator.py                         77      9    88%   94, 116, 125, 140, 150-154
tests/test_agent.py                  98      0   100%
tests/test_dashboard.py             175      0   100%
tests/test_graph.py                 122      1    99%   8
tests/test_interaction_model.py     211      0   100%
tests/test_main.py                  163      3    98%   66-68
tests/test_phase_analyzer.py        140      0   100%
tests/test_simulator.py             227      8    96%   22, 104-107, 304-306
---------------------------------------------------------------
TOTAL                              1491     30    98%
=========================== short test summary info ============================
FAILED tests/test_simulator.py::TestResetMultipleTimes::test_reset_multiple_times_works_correctly
======================== 1 failed, 188 passed in 1.45s =========================
